-------------------------------------------------------------------------------
Test set: com.ceckIn.EipHelperApplicationTests
-------------------------------------------------------------------------------
Tests run: 2, Failures: 0, Errors: 2, Skipped: 0, Time elapsed: 3.758 s <<< FAILURE! - in com.ceckIn.EipHelperApplicationTests
API  Time elapsed: 0.006 s  <<< ERROR!
java.lang.IllegalStateException: Failed to load ApplicationContext
Caused by: org.springframework.beans.factory.UnsatisfiedDependencyException: 
Error creating bean with name 'myScheduledTask': Unsatisfied dependency expressed through field 'myConfig'; nested exception is org.springframework.beans.factory.BeanCreationException: Error creating bean with name 'init' defined in class path resource [com/config/Config.class]: Bean instantiation via factory method failed; nested exception is org.springframework.beans.BeanInstantiationException: Failed to instantiate [com.model.MyConfig]: Factory method 'init' threw exception; nested exception is javax.xml.bind.UnmarshalException
 - with linked exception:
[java.io.FileNotFoundException: D:\Java1177-workspace\EIPHelper\.\config.xml (系統找不到指定的檔案。)]
Caused by: org.springframework.beans.factory.BeanCreationException: 
Error creating bean with name 'init' defined in class path resource [com/config/Config.class]: Bean instantiation via factory method failed; nested exception is org.springframework.beans.BeanInstantiationException: Failed to instantiate [com.model.MyConfig]: Factory method 'init' threw exception; nested exception is javax.xml.bind.UnmarshalException
 - with linked exception:
[java.io.FileNotFoundException: D:\Java1177-workspace\EIPHelper\.\config.xml (系統找不到指定的檔案。)]
Caused by: org.springframework.beans.BeanInstantiationException: 
Failed to instantiate [com.model.MyConfig]: Factory method 'init' threw exception; nested exception is javax.xml.bind.UnmarshalException
 - with linked exception:
[java.io.FileNotFoundException: D:\Java1177-workspace\EIPHelper\.\config.xml (系統找不到指定的檔案。)]
Caused by: javax.xml.bind.UnmarshalException
Caused by: java.io.FileNotFoundException: D:\Java1177-workspace\EIPHelper\.\config.xml (系統找不到指定的檔案。)

selenium  Time elapsed: 0 s  <<< ERROR!
java.lang.IllegalStateException: Failed to load ApplicationContext
Caused by: org.springframework.beans.factory.UnsatisfiedDependencyException: 
Error creating bean with name 'myScheduledTask': Unsatisfied dependency expressed through field 'myConfig'; nested exception is org.springframework.beans.factory.BeanCreationException: Error creating bean with name 'init' defined in class path resource [com/config/Config.class]: Bean instantiation via factory method failed; nested exception is org.springframework.beans.BeanInstantiationException: Failed to instantiate [com.model.MyConfig]: Factory method 'init' threw exception; nested exception is javax.xml.bind.UnmarshalException
 - with linked exception:
[java.io.FileNotFoundException: D:\Java1177-workspace\EIPHelper\.\config.xml (系統找不到指定的檔案。)]
Caused by: org.springframework.beans.factory.BeanCreationException: 
Error creating bean with name 'init' defined in class path resource [com/config/Config.class]: Bean instantiation via factory method failed; nested exception is org.springframework.beans.BeanInstantiationException: Failed to instantiate [com.model.MyConfig]: Factory method 'init' threw exception; nested exception is javax.xml.bind.UnmarshalException
 - with linked exception:
[java.io.FileNotFoundException: D:\Java1177-workspace\EIPHelper\.\config.xml (系統找不到指定的檔案。)]
Caused by: org.springframework.beans.BeanInstantiationException: 
Failed to instantiate [com.model.MyConfig]: Factory method 'init' threw exception; nested exception is javax.xml.bind.UnmarshalException
 - with linked exception:
[java.io.FileNotFoundException: D:\Java1177-workspace\EIPHelper\.\config.xml (系統找不到指定的檔案。)]
Caused by: javax.xml.bind.UnmarshalException
Caused by: java.io.FileNotFoundException: D:\Java1177-workspace\EIPHelper\.\config.xml (系統找不到指定的檔案。)

