<?xml version="1.0" encoding="UTF-8"?>
<testsuite xmlns:xsi="http://www.w3.org/2001/XMLSchema-instance" xsi:noNamespaceSchemaLocation="https://maven.apache.org/surefire/maven-surefire-plugin/xsd/surefire-test-report.xsd" name="com.ceckIn.EipHelperApplicationTests" time="3.758" tests="2" errors="2" skipped="0" failures="0">
  <properties>
[...]
</properties>
  <testcase name="API" classname="com.ceckIn.EipHelperApplicationTests" time="0.006">
    <error message="Failed to load ApplicationContext" type="java.lang.IllegalStateException">java.lang.IllegalStateException: Failed to load ApplicationContext
Caused by: org.springframework.beans.factory.UnsatisfiedDependencyException: 
Error creating bean with name 'myScheduledTask': Unsatisfied dependency expressed through field 'myConfig'; nested exception is org.springframework.beans.factory.BeanCreationException: Error creating bean with name 'init' defined in class path resource [com/config/Config.class]: Bean instantiation via factory method failed; nested exception is org.springframework.beans.BeanInstantiationException: Failed to instantiate [com.model.MyConfig]: Factory method 'init' threw exception; nested exception is javax.xml.bind.UnmarshalException
 - with linked exception:
[java.io.FileNotFoundException: D:\Java1177-workspace\EIPHelper\.\config.xml (系統找不到指定的檔案。)]
Caused by: org.springframework.beans.factory.BeanCreationException: 
Error creating bean with name 'init' defined in class path resource [com/config/Config.class]: Bean instantiation via factory method failed; nested exception is org.springframework.beans.BeanInstantiationException: Failed to instantiate [com.model.MyConfig]: Factory method 'init' threw exception; nested exception is javax.xml.bind.UnmarshalException
 - with linked exception:
[java.io.FileNotFoundException: D:\Java1177-workspace\EIPHelper\.\config.xml (系統找不到指定的檔案。)]
Caused by: org.springframework.beans.BeanInstantiationException: 
Failed to instantiate [com.model.MyConfig]: Factory method 'init' threw exception; nested exception is javax.xml.bind.UnmarshalException
 - with linked exception:
[java.io.FileNotFoundException: D:\Java1177-workspace\EIPHelper\.\config.xml (系統找不到指定的檔案。)]
Caused by: javax.xml.bind.UnmarshalException
Caused by: java.io.FileNotFoundException: D:\Java1177-workspace\EIPHelper\.\config.xml (系統找不到指定的檔案。)
</error>
    <system-out><![CDATA[
  .   ____          _            __ _ _
 /\\ / ___'_ __ _ _(_)_ __  __ _ \ \ \ \
( ( )\___ | '_ | '_| | '_ \/ _` | \ \ \ \
 \\/  ___)| |_)| | | | | || (_| |  ) ) ) )
  '  |____| .__|_| |_|_| |_\__, | / / / /
 =========|_|==============|___/=/_/_/_/
 :: Spring Boot ::               (v2.7.11)

config.xml 載入路徑 : .\config.xml

  .   ____          _            __ _ _
 /\\ / ___'_ __ _ _(_)_ __  __ _ \ \ \ \
( ( )\___ | '_ | '_| | '_ \/ _` | \ \ \ \
 \\/  ___)| |_)| | | | | || (_| |  ) ) ) )
  '  |____| .__|_| |_|_| |_\__, | / / / /
 =========|_|==============|___/=/_/_/_/
 :: Spring Boot ::               (v2.7.11)

config.xml 載入路徑 : .\config.xml
]]></system-out>
  </testcase>
  <testcase name="selenium" classname="com.ceckIn.EipHelperApplicationTests" time="0">
    <error message="Failed to load ApplicationContext" type="java.lang.IllegalStateException">java.lang.IllegalStateException: Failed to load ApplicationContext
Caused by: org.springframework.beans.factory.UnsatisfiedDependencyException: 
Error creating bean with name 'myScheduledTask': Unsatisfied dependency expressed through field 'myConfig'; nested exception is org.springframework.beans.factory.BeanCreationException: Error creating bean with name 'init' defined in class path resource [com/config/Config.class]: Bean instantiation via factory method failed; nested exception is org.springframework.beans.BeanInstantiationException: Failed to instantiate [com.model.MyConfig]: Factory method 'init' threw exception; nested exception is javax.xml.bind.UnmarshalException
 - with linked exception:
[java.io.FileNotFoundException: D:\Java1177-workspace\EIPHelper\.\config.xml (系統找不到指定的檔案。)]
Caused by: org.springframework.beans.factory.BeanCreationException: 
Error creating bean with name 'init' defined in class path resource [com/config/Config.class]: Bean instantiation via factory method failed; nested exception is org.springframework.beans.BeanInstantiationException: Failed to instantiate [com.model.MyConfig]: Factory method 'init' threw exception; nested exception is javax.xml.bind.UnmarshalException
 - with linked exception:
[java.io.FileNotFoundException: D:\Java1177-workspace\EIPHelper\.\config.xml (系統找不到指定的檔案。)]
Caused by: org.springframework.beans.BeanInstantiationException: 
Failed to instantiate [com.model.MyConfig]: Factory method 'init' threw exception; nested exception is javax.xml.bind.UnmarshalException
 - with linked exception:
[java.io.FileNotFoundException: D:\Java1177-workspace\EIPHelper\.\config.xml (系統找不到指定的檔案。)]
Caused by: javax.xml.bind.UnmarshalException
Caused by: java.io.FileNotFoundException: D:\Java1177-workspace\EIPHelper\.\config.xml (系統找不到指定的檔案。)
</error>
    <system-out><![CDATA[
  .   ____          _            __ _ _
 /\\ / ___'_ __ _ _(_)_ __  __ _ \ \ \ \
( ( )\___ | '_ | '_| | '_ \/ _` | \ \ \ \
 \\/  ___)| |_)| | | | | || (_| |  ) ) ) )
  '  |____| .__|_| |_|_| |_\__, | / / / /
 =========|_|==============|___/=/_/_/_/
 :: Spring Boot ::               (v2.7.11)

config.xml 載入路徑 : .\config.xml

  .   ____          _            __ _ _
 /\\ / ___'_ __ _ _(_)_ __  __ _ \ \ \ \
( ( )\___ | '_ | '_| | '_ \/ _` | \ \ \ \
 \\/  ___)| |_)| | | | | || (_| |  ) ) ) )
  '  |____| .__|_| |_|_| |_\__, | / / / /
 =========|_|==============|___/=/_/_/_/
 :: Spring Boot ::               (v2.7.11)

config.xml 載入路徑 : .\config.xml
]]></system-out>
  </testcase>
</testsuite>